[2020-07-06 13:46:27,096] multiqc                                            [DEBUG  ]  No MultiQC config found: /Users/telatina/miniconda3/lib/python3.7/site-packages/multiqc_config.yaml
[2020-07-06 13:46:27,096] multiqc                                            [DEBUG  ]  No MultiQC config found: /Users/telatina/.multiqc_config.yaml
[2020-07-06 13:46:27,097] multiqc                                            [DEBUG  ]  No MultiQC config found: multiqc_config.yaml
[2020-07-06 13:46:27,097] multiqc                                            [DEBUG  ]  Command used: /Users/telatina/miniconda3/bin/multiqc qc/
[2020-07-06 13:46:27,455] multiqc                                            [DEBUG  ]  Latest MultiQC version is v1.9
[2020-07-06 13:46:27,455] multiqc                                            [INFO   ]  This is MultiQC v1.9
[2020-07-06 13:46:27,455] multiqc                                            [DEBUG  ]  Command     : /Users/telatina/miniconda3/bin/multiqc qc/
[2020-07-06 13:46:27,455] multiqc                                            [DEBUG  ]  Working dir : /Users/telatina/MEGA/bambi/analysis/usearch_bambi/BAMBI
[2020-07-06 13:46:27,455] multiqc                                            [INFO   ]  Template    : default
[2020-07-06 13:46:27,455] multiqc                                            [DEBUG  ]  Running Python 3.7.4 (default, Aug 13 2019, 15:17:50)  [Clang 4.0.1 (tags/RELEASE_401/final)]
[2020-07-06 13:46:27,455] multiqc                                            [INFO   ]  Searching   : /Users/telatina/MEGA/bambi/analysis/usearch_bambi/BAMBI/qc
[2020-07-06 13:46:27,456] multiqc                                            [DEBUG  ]  Analysing modules: custom_content, conpair, peddy, somalier, methylQA, mosdepth, phantompeakqualtools, qualimap, preseq, quast, qorts, rna_seqc, rockhopper, rsem, rseqc, busco, goleft_indexcov, disambiguate, supernova, deeptools, sargasso, verifybamid, mirtrace, happy, mirtop, homer, macs2, theta2, snpeff, gatk, htseq, bcftools, featureCounts, fgbio, dragen, dedup, damageprofiler, biobambam2, mtnucratio, picard, prokka, samblaster, samtools, sexdeterrmine, bamtools, jellyfish, vcftools, longranger, stacks, varscan2, bbmap, bismark, biscuit, hicexplorer, hicup, hicpro, salmon, kallisto, slamdunk, star, hisat2, tophat, bowtie2, bowtie1, snpsplit, kat, leehom, adapterRemoval, clipandmerge, cutadapt, flexbar, kaiju, kraken, malt, trimmomatic, sickle, skewer, sortmerna, biobloomtools, fastq_screen, afterqc, fastp, fastqc, pycoqc, minionqc, multivcfanalyzer, clusterflow, bcl2fastq, interop, ivar, flash, seqyclean
[2020-07-06 13:46:27,456] multiqc                                            [DEBUG  ]  Using temporary directory for creating report: /var/folders/qf/64kyljyn0njdfbz8nyrgjv8hxrrkbt/T/tmprp8l9p0d
[2020-07-06 13:46:27,585] multiqc                                            [DEBUG  ]  Ignoring file as matched an ignore pattern: P139W_S0_L001_R1_001.fastq.gz
[2020-07-06 13:46:27,585] multiqc                                            [DEBUG  ]  Ignoring file as matched an ignore pattern: P119P_S0_L001_R1_001.fastq.gz
[2020-07-06 13:46:27,585] multiqc                                            [DEBUG  ]  Ignoring file as matched an ignore pattern: P136Y_S0_L001_R1_001.fastq.gz
[2020-07-06 13:46:27,585] multiqc                                            [DEBUG  ]  Ignoring file as matched an ignore pattern: P168M_S0_L001_R1_001.fastq.gz.html
[2020-07-06 13:46:27,587] multiqc                                            [DEBUG  ]  Ignoring file as matched an ignore pattern: P168R_S0_L001_R1_001.fastq.gz.html
[2020-07-06 13:46:27,587] multiqc                                            [DEBUG  ]  Ignoring file as matched an ignore pattern: P99O_S0_L001_R1_001.fastq.gz
[2020-07-06 13:46:27,587] multiqc                                            [DEBUG  ]  Ignoring file as matched an ignore pattern: P168M_S0_L001_R1_001.fastq.gz
[2020-07-06 13:46:27,587] multiqc                                            [DEBUG  ]  Ignoring file as matched an ignore pattern: P166Y_S0_L001_R1_001.fastq.gz.html
[2020-07-06 13:46:27,588] multiqc                                            [DEBUG  ]  Ignoring file as matched an ignore pattern: P166Q_S0_L001_R1_001.fastq.gz
[2020-07-06 13:46:27,588] multiqc                                            [DEBUG  ]  Ignoring file as matched an ignore pattern: P143Y_S0_L001_R1_001.fastq.gz.html
[2020-07-06 13:46:27,589] multiqc                                            [DEBUG  ]  Ignoring file as matched an ignore pattern: P136U_S0_L001_R1_001.fastq.gz.html
[2020-07-06 13:46:27,589] multiqc                                            [DEBUG  ]  Ignoring file as matched an ignore pattern: P143V_S0_L001_R1_001.fastq.gz
[2020-07-06 13:46:27,590] multiqc                                            [DEBUG  ]  Ignoring file as matched an ignore pattern: P143Y_S0_L001_R1_001.fastq.gz
[2020-07-06 13:46:27,590] multiqc                                            [DEBUG  ]  Ignoring file as matched an ignore pattern: P209Y_S0_L001_R1_001.fastq.gz.html
[2020-07-06 13:46:27,590] multiqc                                            [DEBUG  ]  Ignoring file as matched an ignore pattern: P176H_S0_L001_R1_001.fastq.gz.html
[2020-07-06 13:46:27,590] multiqc                                            [DEBUG  ]  Ignoring file as matched an ignore pattern: P99F_S0_L001_R1_001.fastq.gz.html
[2020-07-06 13:46:27,591] multiqc                                            [DEBUG  ]  Ignoring file as matched an ignore pattern: P136O_S0_L001_R1_001.fastq.gz.html
[2020-07-06 13:46:27,591] multiqc                                            [DEBUG  ]  Ignoring file as matched an ignore pattern: P99L_S0_L001_R1_001.fastq.gz
[2020-07-06 13:46:27,591] multiqc                                            [DEBUG  ]  Ignoring file as matched an ignore pattern: P136O_S0_L001_R1_001.fastq.gz
[2020-07-06 13:46:27,592] multiqc                                            [DEBUG  ]  Ignoring file as matched an ignore pattern: P166Q_S0_L001_R1_001.fastq.gz.html
[2020-07-06 13:46:27,592] multiqc                                            [DEBUG  ]  Ignoring file as matched an ignore pattern: P166V_S0_L001_R1_001.fastq.gz
[2020-07-06 13:46:27,593] multiqc                                            [DEBUG  ]  Ignoring file as matched an ignore pattern: P136U_S0_L001_R1_001.fastq.gz
[2020-07-06 13:46:27,593] multiqc                                            [DEBUG  ]  Ignoring file as matched an ignore pattern: P166Y_S0_L001_R1_001.fastq.gz
[2020-07-06 13:46:27,593] multiqc                                            [DEBUG  ]  Ignoring file as matched an ignore pattern: P153J_S0_L001_R1_001.fastq.gz
[2020-07-06 13:46:27,593] multiqc                                            [DEBUG  ]  Ignoring file as matched an ignore pattern: P135ZG_S0_L001_R1_001.fastq.gz
[2020-07-06 13:46:27,594] multiqc                                            [DEBUG  ]  Ignoring file as matched an ignore pattern: P209Z_S0_L001_R1_001.fastq.gz.html
[2020-07-06 13:46:27,594] multiqc                                            [DEBUG  ]  Ignoring file as matched an ignore pattern: P176H_S0_L001_R1_001.fastq.gz
[2020-07-06 13:46:27,594] multiqc                                            [DEBUG  ]  Ignoring file as matched an ignore pattern: P168R_S0_L001_R1_001.fastq.gz
[2020-07-06 13:46:27,595] multiqc                                            [DEBUG  ]  Ignoring file as matched an ignore pattern: P135ZA_S0_L001_R1_001.fastq.gz
[2020-07-06 13:46:27,596] multiqc                                            [DEBUG  ]  Ignoring file as matched an ignore pattern: P153J_S0_L001_R1_001.fastq.gz.html
[2020-07-06 13:46:27,596] multiqc                                            [DEBUG  ]  Ignoring file as matched an ignore pattern: P209V_S0_L001_R1_001.fastq.gz.html
[2020-07-06 13:46:27,596] multiqc                                            [DEBUG  ]  Ignoring file as matched an ignore pattern: P209V_S0_L001_R1_001.fastq.gz
[2020-07-06 13:46:27,596] multiqc                                            [DEBUG  ]  Ignoring file as matched an ignore pattern: P143P_S0_L001_R1_001.fastq.gz
[2020-07-06 13:46:27,596] multiqc                                            [DEBUG  ]  Ignoring file as matched an ignore pattern: P168U_S0_L001_R1_001.fastq.gz.html
[2020-07-06 13:46:27,597] multiqc                                            [DEBUG  ]  Ignoring file as matched an ignore pattern: P135ZA_S0_L001_R1_001.fastq.gz.html
[2020-07-06 13:46:27,597] multiqc                                            [DEBUG  ]  Ignoring file as matched an ignore pattern: P209Y_S0_L001_R1_001.fastq.gz
[2020-07-06 13:46:27,597] multiqc                                            [DEBUG  ]  Ignoring file as matched an ignore pattern: P176L_S0_L001_R1_001.fastq.gz
[2020-07-06 13:46:27,598] multiqc                                            [DEBUG  ]  Ignoring file as matched an ignore pattern: P135ZJ_S0_L001_R1_001.fastq.gz
[2020-07-06 13:46:27,598] multiqc                                            [DEBUG  ]  Ignoring file as matched an ignore pattern: P139Y_S0_L001_R1_001.fastq.gz
[2020-07-06 13:46:27,598] multiqc                                            [DEBUG  ]  Ignoring file as matched an ignore pattern: P143P_S0_L001_R1_001.fastq.gz.html
[2020-07-06 13:46:27,598] multiqc                                            [DEBUG  ]  Ignoring file as matched an ignore pattern: P119G_S0_L001_R1_001.fastq.gz.html
[2020-07-06 13:46:27,599] multiqc                                            [DEBUG  ]  Ignoring file as matched an ignore pattern: P135ZG_S0_L001_R1_001.fastq.gz.html
[2020-07-06 13:46:27,599] multiqc                                            [DEBUG  ]  Ignoring file as matched an ignore pattern: P99F_S0_L001_R1_001.fastq.gz
[2020-07-06 13:46:27,599] multiqc                                            [DEBUG  ]  Ignoring file as matched an ignore pattern: P119L_S0_L001_R1_001.fastq.gz
[2020-07-06 13:46:27,599] multiqc                                            [DEBUG  ]  Ignoring file as matched an ignore pattern: P153O_S0_L001_R1_001.fastq.gz.html
[2020-07-06 13:46:27,599] multiqc                                            [DEBUG  ]  Ignoring file as matched an ignore pattern: P99O_S0_L001_R1_001.fastq.gz.html
[2020-07-06 13:46:27,599] multiqc                                            [DEBUG  ]  Ignoring file as matched an ignore pattern: P168U_S0_L001_R1_001.fastq.gz
[2020-07-06 13:46:27,599] multiqc                                            [DEBUG  ]  Ignoring file as matched an ignore pattern: P143V_S0_L001_R1_001.fastq.gz.html
[2020-07-06 13:46:27,599] multiqc                                            [DEBUG  ]  Ignoring file as matched an ignore pattern: P166V_S0_L001_R1_001.fastq.gz.html
[2020-07-06 13:46:27,600] multiqc                                            [DEBUG  ]  Ignoring file as matched an ignore pattern: P209Z_S0_L001_R1_001.fastq.gz
[2020-07-06 13:46:27,600] multiqc                                            [DEBUG  ]  Ignoring file as matched an ignore pattern: P119P_S0_L001_R1_001.fastq.gz.html
[2020-07-06 13:46:27,600] multiqc                                            [DEBUG  ]  Ignoring file as matched an ignore pattern: P119G_S0_L001_R1_001.fastq.gz
[2020-07-06 13:46:27,600] multiqc                                            [DEBUG  ]  Ignoring file as matched an ignore pattern: P119L_S0_L001_R1_001.fastq.gz.html
[2020-07-06 13:46:27,600] multiqc                                            [DEBUG  ]  Ignoring file as matched an ignore pattern: P99L_S0_L001_R1_001.fastq.gz.html
[2020-07-06 13:46:27,600] multiqc                                            [DEBUG  ]  Ignoring file as matched an ignore pattern: P136Y_S0_L001_R1_001.fastq.gz.html
[2020-07-06 13:46:27,601] multiqc                                            [DEBUG  ]  Ignoring file as matched an ignore pattern: P139W_S0_L001_R1_001.fastq.gz.html
[2020-07-06 13:46:27,601] multiqc                                            [DEBUG  ]  Ignoring file as matched an ignore pattern: P139Y_S0_L001_R1_001.fastq.gz.html
[2020-07-06 13:46:27,601] multiqc                                            [DEBUG  ]  Ignoring file as matched an ignore pattern: P135ZJ_S0_L001_R1_001.fastq.gz.html
[2020-07-06 13:46:27,601] multiqc                                            [DEBUG  ]  Ignoring file as matched an ignore pattern: P176L_S0_L001_R1_001.fastq.gz.html
[2020-07-06 13:46:27,601] multiqc                                            [DEBUG  ]  Ignoring file as matched an ignore pattern: P153O_S0_L001_R1_001.fastq.gz
[2020-07-06 13:46:27,975] multiqc.plots.bargraph                             [DEBUG  ]  Using matplotlib version 3.2.2
[2020-07-06 13:46:27,976] multiqc.plots.linegraph                            [DEBUG  ]  Using matplotlib version 3.2.2
[2020-07-06 13:46:27,978] multiqc                                            [DEBUG  ]  No samples found: custom_content
[2020-07-06 13:46:27,982] multiqc                                            [DEBUG  ]  No samples found: conpair
[2020-07-06 13:46:28,095] multiqc                                            [DEBUG  ]  No samples found: peddy
[2020-07-06 13:46:28,101] multiqc                                            [DEBUG  ]  No samples found: somalier
[2020-07-06 13:46:28,106] multiqc                                            [DEBUG  ]  No samples found: methylQA
[2020-07-06 13:46:28,126] multiqc                                            [DEBUG  ]  No samples found: mosdepth
[2020-07-06 13:46:28,131] multiqc                                            [DEBUG  ]  No samples found: phantompeakqualtools
[2020-07-06 13:46:28,137] multiqc                                            [DEBUG  ]  No samples found: qualimap
[2020-07-06 13:46:28,148] multiqc                                            [DEBUG  ]  No samples found: preseq
[2020-07-06 13:46:28,156] multiqc                                            [DEBUG  ]  No samples found: quast
[2020-07-06 13:46:28,161] multiqc                                            [DEBUG  ]  No samples found: qorts
[2020-07-06 13:46:28,166] multiqc                                            [DEBUG  ]  No samples found: rna_seqc
[2020-07-06 13:46:28,171] multiqc                                            [DEBUG  ]  No samples found: rockhopper
[2020-07-06 13:46:28,175] multiqc                                            [DEBUG  ]  No samples found: rsem
[2020-07-06 13:46:28,201] multiqc                                            [DEBUG  ]  No samples found: rseqc
[2020-07-06 13:46:28,207] multiqc                                            [DEBUG  ]  No samples found: busco
[2020-07-06 13:46:28,211] multiqc                                            [DEBUG  ]  No samples found: goleft_indexcov
[2020-07-06 13:46:28,214] multiqc                                            [DEBUG  ]  No samples found: disambiguate
[2020-07-06 13:46:28,217] multiqc                                            [DEBUG  ]  No samples found: supernova
[2020-07-06 13:46:28,242] multiqc                                            [DEBUG  ]  No samples found: deeptools
[2020-07-06 13:46:28,246] multiqc                                            [DEBUG  ]  No samples found: sargasso
[2020-07-06 13:46:28,249] multiqc                                            [DEBUG  ]  No samples found: verifybamid
[2020-07-06 13:46:28,256] multiqc                                            [DEBUG  ]  No samples found: mirtrace
[2020-07-06 13:46:28,272] multiqc                                            [DEBUG  ]  No samples found: happy
[2020-07-06 13:46:28,283] multiqc                                            [DEBUG  ]  No samples found: mirtop
[2020-07-06 13:46:28,298] multiqc                                            [DEBUG  ]  No samples found: homer
[2020-07-06 13:46:28,306] multiqc                                            [DEBUG  ]  No samples found: macs2
[2020-07-06 13:46:28,333] multiqc                                            [DEBUG  ]  No samples found: theta2
[2020-07-06 13:46:28,343] multiqc                                            [DEBUG  ]  No samples found: snpeff
[2020-07-06 13:46:28,357] multiqc                                            [DEBUG  ]  No samples found: gatk
[2020-07-06 13:46:28,360] multiqc                                            [DEBUG  ]  No samples found: htseq
[2020-07-06 13:46:28,369] multiqc                                            [DEBUG  ]  No samples found: bcftools
[2020-07-06 13:46:28,378] multiqc                                            [DEBUG  ]  No samples found: featureCounts
[2020-07-06 13:46:28,407] multiqc                                            [DEBUG  ]  No samples found: fgbio
[2020-07-06 13:46:28,436] multiqc                                            [DEBUG  ]  No samples found: dragen
[2020-07-06 13:46:28,464] multiqc                                            [DEBUG  ]  No samples found: dedup
[2020-07-06 13:46:28,472] multiqc                                            [DEBUG  ]  No samples found: damageprofiler
[2020-07-06 13:46:28,708] multiqc                                            [DEBUG  ]  No samples found: biobambam2
[2020-07-06 13:46:28,724] multiqc                                            [DEBUG  ]  No samples found: mtnucratio
[2020-07-06 13:46:28,728] multiqc                                            [DEBUG  ]  No samples found: picard
[2020-07-06 13:46:28,743] multiqc                                            [DEBUG  ]  No samples found: prokka
[2020-07-06 13:46:28,779] multiqc                                            [DEBUG  ]  No samples found: samblaster
[2020-07-06 13:46:28,815] multiqc                                            [DEBUG  ]  No samples found: samtools
[2020-07-06 13:46:28,825] multiqc                                            [DEBUG  ]  No samples found: sexdeterrmine
[2020-07-06 13:46:28,836] multiqc                                            [DEBUG  ]  No samples found: bamtools
[2020-07-06 13:46:28,847] multiqc                                            [DEBUG  ]  No samples found: jellyfish
[2020-07-06 13:46:28,888] multiqc                                            [DEBUG  ]  No samples found: vcftools
[2020-07-06 13:46:28,906] multiqc                                            [DEBUG  ]  No samples found: longranger
[2020-07-06 13:46:28,910] multiqc                                            [DEBUG  ]  No samples found: stacks
[2020-07-06 13:46:28,915] multiqc                                            [DEBUG  ]  No samples found: varscan2
[2020-07-06 13:46:29,021] multiqc                                            [DEBUG  ]  No samples found: bbmap
[2020-07-06 13:46:29,026] multiqc                                            [DEBUG  ]  No samples found: bismark
[2020-07-06 13:46:29,029] multiqc                                            [DEBUG  ]  No samples found: biscuit
[2020-07-06 13:46:29,043] multiqc                                            [DEBUG  ]  No samples found: hicexplorer
[2020-07-06 13:46:29,047] multiqc                                            [DEBUG  ]  No samples found: hicup
[2020-07-06 13:46:29,051] multiqc                                            [DEBUG  ]  No samples found: hicpro
[2020-07-06 13:46:29,056] multiqc                                            [DEBUG  ]  No samples found: salmon
[2020-07-06 13:46:29,065] multiqc                                            [DEBUG  ]  No samples found: kallisto
[2020-07-06 13:46:29,068] multiqc                                            [DEBUG  ]  No samples found: slamdunk
[2020-07-06 13:46:29,072] multiqc                                            [DEBUG  ]  No samples found: star
[2020-07-06 13:46:29,075] multiqc                                            [DEBUG  ]  No samples found: hisat2
[2020-07-06 13:46:29,079] multiqc                                            [DEBUG  ]  No samples found: tophat
[2020-07-06 13:46:29,088] multiqc                                            [DEBUG  ]  No samples found: bowtie2
[2020-07-06 13:46:29,092] multiqc                                            [DEBUG  ]  No samples found: bowtie1
[2020-07-06 13:46:29,101] multiqc                                            [DEBUG  ]  No samples found: snpsplit
[2020-07-06 13:46:29,107] multiqc                                            [DEBUG  ]  No samples found: kat
[2020-07-06 13:46:29,111] multiqc                                            [DEBUG  ]  No samples found: leehom
[2020-07-06 13:46:29,120] multiqc                                            [DEBUG  ]  No samples found: adapterRemoval
[2020-07-06 13:46:29,124] multiqc                                            [DEBUG  ]  No samples found: clipandmerge
[2020-07-06 13:46:29,128] multiqc                                            [DEBUG  ]  No samples found: cutadapt
[2020-07-06 13:46:29,138] multiqc                                            [DEBUG  ]  No samples found: flexbar
[2020-07-06 13:46:29,142] multiqc                                            [DEBUG  ]  No samples found: kaiju
[2020-07-06 13:46:29,145] multiqc                                            [DEBUG  ]  No samples found: kraken
[2020-07-06 13:46:29,149] multiqc                                            [DEBUG  ]  No samples found: malt
[2020-07-06 13:46:29,152] multiqc                                            [DEBUG  ]  No samples found: trimmomatic
[2020-07-06 13:46:29,156] multiqc                                            [DEBUG  ]  No samples found: sickle
[2020-07-06 13:46:29,160] multiqc                                            [DEBUG  ]  No samples found: skewer
[2020-07-06 13:46:29,163] multiqc                                            [DEBUG  ]  No samples found: sortmerna
[2020-07-06 13:46:29,167] multiqc                                            [DEBUG  ]  No samples found: biobloomtools
[2020-07-06 13:46:29,170] multiqc                                            [DEBUG  ]  No samples found: fastq_screen
[2020-07-06 13:46:29,174] multiqc                                            [DEBUG  ]  No samples found: afterqc
[2020-07-06 13:46:29,275] multiqc.modules.fastp.fastp                        [DEBUG  ]  No duplication rate plot data: P136U_S0_L001_R1_001.fastq.gz.fastp.json
[2020-07-06 13:46:29,512] multiqc.modules.fastp.fastp                        [DEBUG  ]  No duplication rate plot data: P119G_S0_L001_R1_001.fastq.gz.fastp.json
[2020-07-06 13:46:29,649] multiqc.modules.fastp.fastp                        [DEBUG  ]  No duplication rate plot data: P143P_S0_L001_R1_001.fastq.gz.fastp.json
[2020-07-06 13:46:29,664] multiqc.modules.fastp.fastp                        [DEBUG  ]  No duplication rate plot data: P166Y_S0_L001_R1_001.fastq.gz.fastp.json
[2020-07-06 13:46:29,728] multiqc.modules.fastp.fastp                        [INFO   ]  Found 30 reports
[2020-07-06 13:46:29,927] multiqc                                            [DEBUG  ]  No samples found: fastqc
[2020-07-06 13:46:29,934] multiqc                                            [DEBUG  ]  No samples found: pycoqc
[2020-07-06 13:46:29,940] multiqc                                            [DEBUG  ]  No samples found: minionqc
[2020-07-06 13:46:29,945] multiqc                                            [DEBUG  ]  No samples found: multivcfanalyzer
[2020-07-06 13:46:29,950] multiqc                                            [DEBUG  ]  No samples found: clusterflow
[2020-07-06 13:46:29,979] multiqc                                            [DEBUG  ]  No samples found: bcl2fastq
[2020-07-06 13:46:29,984] multiqc                                            [DEBUG  ]  No samples found: interop
[2020-07-06 13:46:30,007] multiqc                                            [DEBUG  ]  No samples found: ivar
[2020-07-06 13:46:30,015] multiqc                                            [DEBUG  ]  No samples found: flash
[2020-07-06 13:46:30,019] multiqc                                            [DEBUG  ]  No samples found: seqyclean
[2020-07-06 13:46:30,068] multiqc                                            [INFO   ]  Compressing plot data
[2020-07-06 13:46:32,822] multiqc                                            [INFO   ]  Report      : multiqc_report.html
[2020-07-06 13:46:32,822] multiqc                                            [INFO   ]  Data        : multiqc_data
[2020-07-06 13:46:32,822] multiqc                                            [DEBUG  ]  Moving data file from '/var/folders/qf/64kyljyn0njdfbz8nyrgjv8hxrrkbt/T/tmprp8l9p0d/multiqc_data' to '/Users/telatina/MEGA/bambi/analysis/usearch_bambi/BAMBI/multiqc_data'
[2020-07-06 13:46:34,267] multiqc                                            [INFO   ]  MultiQC complete
